---------------------------------------
Begin Slurm Prolog: Aug-30-2025 21:22:29
Job ID:    2843195
User ID:   rdillon9
Account:   coc
Job name:  testjob
Partition: coc-cpu
QOS:       coc-ice
---------------------------------------
rdillon9
2843195
atl1-1-02-003-19-1.pace.gatech.edu
---------------------------------------
Begin Slurm Epilog: Aug-30-2025 21:22:29
Job ID:        2843195
User ID:       rdillon9
Account:       coc
Job name:      testjob
Resources:     cpu=1,mem=4G,node=1
Rsrc Used:     cput=00:00:01,vmem=0,walltime=00:00:01,mem=1904K,energy_used=0
Partition:     coc-cpu
QOS:           coc-ice
Nodes:         atl1-1-02-003-19-1
---------------------------------------
